\BOOKMARK [0][-]{chapter.1}{Background \046 Objectives}{}% 1
\BOOKMARK [1][-]{section.1.1}{Introduction}{chapter.1}% 2
\BOOKMARK [1][-]{section.1.2}{Background}{chapter.1}% 3
\BOOKMARK [2][-]{subsection.1.2.1}{Metagenomics}{section.1.2}% 4
\BOOKMARK [2][-]{subsection.1.2.2}{Understanding Quality}{section.1.2}% 5
\BOOKMARK [2][-]{subsection.1.2.3}{Existing Software}{section.1.2}% 6
\BOOKMARK [1][-]{section.1.3}{Analysis}{chapter.1}% 7
\BOOKMARK [2][-]{subsection.1.3.1}{Quality assessment}{section.1.3}% 8
\BOOKMARK [2][-]{subsection.1.3.2}{Quality report and data input}{section.1.3}% 9
\BOOKMARK [2][-]{subsection.1.3.3}{Implementation - 3rd Party vs Self-Created}{section.1.3}% 10
\BOOKMARK [1][-]{section.1.4}{Process}{chapter.1}% 11
\BOOKMARK [2][-]{subsection.1.4.1}{Scrum}{section.1.4}% 12
\BOOKMARK [2][-]{subsection.1.4.2}{Extreme Programming}{section.1.4}% 13
\BOOKMARK [2][-]{subsection.1.4.3}{Pomodoro Technique}{section.1.4}% 14
\BOOKMARK [2][-]{subsection.1.4.4}{Project blog}{section.1.4}% 15
\BOOKMARK [0][-]{chapter.2}{Design}{}% 16
\BOOKMARK [1][-]{section.2.1}{Overall Architecture}{chapter.2}% 17
\BOOKMARK [2][-]{subsection.2.1.1}{Choice of technologies}{section.2.1}% 18
\BOOKMARK [2][-]{subsection.2.1.2}{MVC Framework}{section.2.1}% 19
\BOOKMARK [2][-]{subsection.2.1.3}{Directory Structure}{section.2.1}% 20
\BOOKMARK [2][-]{subsection.2.1.4}{QualitySummary}{section.2.1}% 21
\BOOKMARK [1][-]{section.2.2}{User Interface}{chapter.2}% 22
\BOOKMARK [1][-]{section.2.3}{Support Tools}{chapter.2}% 23
\BOOKMARK [2][-]{subsection.2.3.1}{Version Control}{section.2.3}% 24
\BOOKMARK [0][-]{chapter.3}{Implementation}{}% 25
\BOOKMARK [1][-]{subsection.3.0.2}{Development Environment}{chapter.3}% 26
\BOOKMARK [2][-]{subsection.3.0.3}{Features}{subsection.3.0.2}% 27
\BOOKMARK [2][-]{subsection.3.0.4}{Implementation Review}{subsection.3.0.2}% 28
\BOOKMARK [0][-]{chapter.4}{Testing}{}% 29
\BOOKMARK [1][-]{section.4.1}{Overall Approach to Testing}{chapter.4}% 30
\BOOKMARK [1][-]{section.4.2}{Automated Testing}{chapter.4}% 31
\BOOKMARK [2][-]{subsection.4.2.1}{Unit Tests}{section.4.2}% 32
\BOOKMARK [2][-]{subsection.4.2.2}{Integration Testing}{section.4.2}% 33
\BOOKMARK [2][-]{subsection.4.2.3}{User Interface Testing}{section.4.2}% 34
\BOOKMARK [2][-]{subsection.4.2.4}{Stress Test}{section.4.2}% 35
\BOOKMARK [0][-]{chapter.5}{Evaluation}{}% 36
\BOOKMARK [0][-]{chapter.5}{Appendices}{}% 37
\BOOKMARK [0][-]{appendix.A}{Third-Party Code and Libraries}{}% 38
\BOOKMARK [0][-]{appendix.B}{Ethics Submission}{}% 39
\BOOKMARK [0][-]{appendix.C}{Examples and Extras}{}% 40
\BOOKMARK [1][-]{section.C.1}{Example User Story Breakdown}{appendix.C}% 41
\BOOKMARK [0][-]{section.C.1}{Annotated Bibliography}{}% 42
